{"/home/fonij/Documents/Kalado-Frontend/kalado-client/src/components/Advertisement/ItemCard.tsx": {"path":"/home/fonij/Documents/Kalado-Frontend/kalado-client/src/components/Advertisement/ItemCard.tsx","statementMap":{"0":{"start":{"line":14,"column":42},"end":{"line":34,"column":1}},"1":{"start":{"line":15,"column":21},"end":{"line":15,"column":34}},"2":{"start":{"line":17,"column":24},"end":{"line":19,"column":5}},"3":{"start":{"line":18,"column":8},"end":{"line":18,"column":36}},"4":{"start":{"line":21,"column":4},"end":{"line":33,"column":6}}},"fnMap":{"0":{"name":"(anonymous_0)","decl":{"start":{"line":14,"column":42},"end":{"line":14,"column":43}},"loc":{"start":{"line":14,"column":94},"end":{"line":34,"column":1}},"line":14},"1":{"name":"(anonymous_1)","decl":{"start":{"line":17,"column":24},"end":{"line":17,"column":25}},"loc":{"start":{"line":17,"column":30},"end":{"line":19,"column":5}},"line":17}},"branchMap":{},"s":{"0":0,"1":0,"2":0,"3":0,"4":0},"f":{"0":0,"1":0},"b":{}}
,"/home/fonij/Documents/Kalado-Frontend/kalado-client/src/components/Input/CodeInput.tsx": {"path":"/home/fonij/Documents/Kalado-Frontend/kalado-client/src/components/Input/CodeInput.tsx","statementMap":{"0":{"start":{"line":12,"column":44},"end":{"line":27,"column":1}},"1":{"start":{"line":13,"column":4},"end":{"line":26,"column":6}}},"fnMap":{"0":{"name":"(anonymous_0)","decl":{"start":{"line":12,"column":44},"end":{"line":12,"column":45}},"loc":{"start":{"line":12,"column":129},"end":{"line":27,"column":1}},"line":12}},"branchMap":{"0":{"loc":{"start":{"line":12,"column":47},"end":{"line":12,"column":71}},"type":"default-arg","locations":[{"start":{"line":12,"column":61},"end":{"line":12,"column":71}}],"line":12},"1":{"loc":{"start":{"line":12,"column":90},"end":{"line":12,"column":107}},"type":"default-arg","locations":[{"start":{"line":12,"column":103},"end":{"line":12,"column":107}}],"line":12},"2":{"loc":{"start":{"line":12,"column":109},"end":{"line":12,"column":122}},"type":"default-arg","locations":[{"start":{"line":12,"column":121},"end":{"line":12,"column":122}}],"line":12}},"s":{"0":1,"1":0},"f":{"0":0},"b":{"0":[0],"1":[0],"2":[0]},"_coverageSchema":"1a1c01bbd47fc00a2c39e90264f33305004495a9","hash":"a938decf0944540c234a9b440ccf90c8b7d4dc33"}
,"/home/fonij/Documents/Kalado-Frontend/kalado-client/src/components/Input/EmailInput.tsx": {"path":"/home/fonij/Documents/Kalado-Frontend/kalado-client/src/components/Input/EmailInput.tsx","statementMap":{"0":{"start":{"line":12,"column":46},"end":{"line":32,"column":1}},"1":{"start":{"line":19,"column":4},"end":{"line":31,"column":6}}},"fnMap":{"0":{"name":"(anonymous_0)","decl":{"start":{"line":12,"column":46},"end":{"line":12,"column":47}},"loc":{"start":{"line":18,"column":6},"end":{"line":32,"column":1}},"line":18}},"branchMap":{"0":{"loc":{"start":{"line":14,"column":4},"end":{"line":14,"column":25}},"type":"default-arg","locations":[{"start":{"line":14,"column":18},"end":{"line":14,"column":25}}],"line":14},"1":{"loc":{"start":{"line":17,"column":4},"end":{"line":17,"column":21}},"type":"default-arg","locations":[{"start":{"line":17,"column":17},"end":{"line":17,"column":21}}],"line":17}},"s":{"0":2,"1":25},"f":{"0":25},"b":{"0":[0],"1":[25]},"_coverageSchema":"1a1c01bbd47fc00a2c39e90264f33305004495a9","hash":"642b866102445b779e93c34b3e190cc7915dd1f4"}
,"/home/fonij/Documents/Kalado-Frontend/kalado-client/src/components/Input/NameInput.tsx": {"path":"/home/fonij/Documents/Kalado-Frontend/kalado-client/src/components/Input/NameInput.tsx","statementMap":{"0":{"start":{"line":12,"column":44},"end":{"line":32,"column":1}},"1":{"start":{"line":19,"column":4},"end":{"line":31,"column":6}}},"fnMap":{"0":{"name":"(anonymous_0)","decl":{"start":{"line":12,"column":44},"end":{"line":12,"column":45}},"loc":{"start":{"line":18,"column":6},"end":{"line":32,"column":1}},"line":18}},"branchMap":{"0":{"loc":{"start":{"line":14,"column":4},"end":{"line":14,"column":23}},"type":"default-arg","locations":[{"start":{"line":14,"column":18},"end":{"line":14,"column":23}}],"line":14},"1":{"loc":{"start":{"line":17,"column":4},"end":{"line":17,"column":22}},"type":"default-arg","locations":[{"start":{"line":17,"column":17},"end":{"line":17,"column":22}}],"line":17}},"s":{"0":1,"1":75},"f":{"0":75},"b":{"0":[0],"1":[0]},"_coverageSchema":"1a1c01bbd47fc00a2c39e90264f33305004495a9","hash":"e43e6716360d3e69548e7eb0266c303a3ee6e37e"}
,"/home/fonij/Documents/Kalado-Frontend/kalado-client/src/components/Input/PasswordInput.tsx": {"path":"/home/fonij/Documents/Kalado-Frontend/kalado-client/src/components/Input/PasswordInput.tsx","statementMap":{"0":{"start":{"line":13,"column":52},"end":{"line":51,"column":1}},"1":{"start":{"line":20,"column":38},"end":{"line":20,"column":62}},"2":{"start":{"line":22,"column":35},"end":{"line":24,"column":5}},"3":{"start":{"line":23,"column":8},"end":{"line":23,"column":33}},"4":{"start":{"line":26,"column":4},"end":{"line":50,"column":6}}},"fnMap":{"0":{"name":"(anonymous_0)","decl":{"start":{"line":13,"column":52},"end":{"line":13,"column":53}},"loc":{"start":{"line":19,"column":6},"end":{"line":51,"column":1}},"line":19},"1":{"name":"(anonymous_1)","decl":{"start":{"line":22,"column":35},"end":{"line":22,"column":36}},"loc":{"start":{"line":22,"column":41},"end":{"line":24,"column":5}},"line":22}},"branchMap":{"0":{"loc":{"start":{"line":18,"column":4},"end":{"line":18,"column":21}},"type":"default-arg","locations":[{"start":{"line":18,"column":17},"end":{"line":18,"column":21}}],"line":18},"1":{"loc":{"start":{"line":29,"column":22},"end":{"line":29,"column":53}},"type":"cond-expr","locations":[{"start":{"line":29,"column":34},"end":{"line":29,"column":40}},{"start":{"line":29,"column":43},"end":{"line":29,"column":53}}],"line":29},"2":{"loc":{"start":{"line":47,"column":17},"end":{"line":47,"column":75}},"type":"cond-expr","locations":[{"start":{"line":47,"column":29},"end":{"line":47,"column":53}},{"start":{"line":47,"column":56},"end":{"line":47,"column":75}}],"line":47}},"s":{"0":2,"1":50,"2":50,"3":0,"4":50},"f":{"0":50,"1":0},"b":{"0":[50],"1":[0,50],"2":[0,50]},"_coverageSchema":"1a1c01bbd47fc00a2c39e90264f33305004495a9","hash":"4ae93b7fd864877e556f2d124c174212e90ab2a3"}
,"/home/fonij/Documents/Kalado-Frontend/kalado-client/src/components/Input/PhoneNumberInput.tsx": {"path":"/home/fonij/Documents/Kalado-Frontend/kalado-client/src/components/Input/PhoneNumberInput.tsx","statementMap":{"0":{"start":{"line":12,"column":58},"end":{"line":32,"column":1}},"1":{"start":{"line":19,"column":4},"end":{"line":31,"column":6}}},"fnMap":{"0":{"name":"(anonymous_0)","decl":{"start":{"line":12,"column":58},"end":{"line":12,"column":59}},"loc":{"start":{"line":18,"column":6},"end":{"line":32,"column":1}},"line":18}},"branchMap":{"0":{"loc":{"start":{"line":14,"column":4},"end":{"line":14,"column":30}},"type":"default-arg","locations":[{"start":{"line":14,"column":18},"end":{"line":14,"column":30}}],"line":14},"1":{"loc":{"start":{"line":17,"column":4},"end":{"line":17,"column":21}},"type":"default-arg","locations":[{"start":{"line":17,"column":17},"end":{"line":17,"column":21}}],"line":17}},"s":{"0":1,"1":25},"f":{"0":25},"b":{"0":[0],"1":[25]},"_coverageSchema":"1a1c01bbd47fc00a2c39e90264f33305004495a9","hash":"0d99f021ba62f815ee79143fb81a8978fac2558e"}
,"/home/fonij/Documents/Kalado-Frontend/kalado-client/src/components/Login/LoginForm.tsx": {"path":"/home/fonij/Documents/Kalado-Frontend/kalado-client/src/components/Login/LoginForm.tsx","statementMap":{"0":{"start":{"line":14,"column":44},"end":{"line":70,"column":1}},"1":{"start":{"line":16,"column":36},"end":{"line":19,"column":6}},"2":{"start":{"line":21,"column":25},"end":{"line":27,"column":5}},"3":{"start":{"line":22,"column":32},"end":{"line":22,"column":40}},"4":{"start":{"line":23,"column":8},"end":{"line":26,"column":12}},"5":{"start":{"line":23,"column":33},"end":{"line":26,"column":9}},"6":{"start":{"line":29,"column":25},"end":{"line":39,"column":5}},"7":{"start":{"line":30,"column":8},"end":{"line":30,"column":27}},"8":{"start":{"line":32,"column":8},"end":{"line":38,"column":9}},"9":{"start":{"line":33,"column":29},"end":{"line":33,"column":83}},"10":{"start":{"line":34,"column":12},"end":{"line":34,"column":60}},"11":{"start":{"line":35,"column":12},"end":{"line":35,"column":22}},"12":{"start":{"line":37,"column":12},"end":{"line":37,"column":49}},"13":{"start":{"line":42,"column":4},"end":{"line":69,"column":6}},"14":{"start":{"line":65,"column":74},"end":{"line":65,"column":93}},"15":{"start":{"line":65,"column":94},"end":{"line":65,"column":109}}},"fnMap":{"0":{"name":"(anonymous_0)","decl":{"start":{"line":14,"column":44},"end":{"line":14,"column":45}},"loc":{"start":{"line":14,"column":75},"end":{"line":70,"column":1}},"line":14},"1":{"name":"(anonymous_1)","decl":{"start":{"line":21,"column":25},"end":{"line":21,"column":26}},"loc":{"start":{"line":21,"column":69},"end":{"line":27,"column":5}},"line":21},"2":{"name":"(anonymous_2)","decl":{"start":{"line":23,"column":20},"end":{"line":23,"column":21}},"loc":{"start":{"line":23,"column":33},"end":{"line":26,"column":9}},"line":23},"3":{"name":"(anonymous_3)","decl":{"start":{"line":29,"column":25},"end":{"line":29,"column":26}},"loc":{"start":{"line":29,"column":72},"end":{"line":39,"column":5}},"line":29},"4":{"name":"(anonymous_4)","decl":{"start":{"line":65,"column":65},"end":{"line":65,"column":66}},"loc":{"start":{"line":65,"column":72},"end":{"line":65,"column":111}},"line":65}},"branchMap":{},"s":{"0":1,"1":0,"2":0,"3":0,"4":0,"5":0,"6":0,"7":0,"8":0,"9":0,"10":0,"11":0,"12":0,"13":0,"14":0,"15":0},"f":{"0":0,"1":0,"2":0,"3":0,"4":0},"b":{},"_coverageSchema":"1a1c01bbd47fc00a2c39e90264f33305004495a9","hash":"97449d8d30564581f37e0ecf1e2e74aa975c3a6f"}
,"/home/fonij/Documents/Kalado-Frontend/kalado-client/src/components/Navbar/Navbar.tsx": {"path":"/home/fonij/Documents/Kalado-Frontend/kalado-client/src/components/Navbar/Navbar.tsx","statementMap":{"0":{"start":{"line":9,"column":38},"end":{"line":29,"column":1}},"1":{"start":{"line":10,"column":2},"end":{"line":28,"column":4}}},"fnMap":{"0":{"name":"(anonymous_0)","decl":{"start":{"line":9,"column":38},"end":{"line":9,"column":39}},"loc":{"start":{"line":9,"column":60},"end":{"line":29,"column":1}},"line":9}},"branchMap":{},"s":{"0":1,"1":7},"f":{"0":7},"b":{},"_coverageSchema":"1a1c01bbd47fc00a2c39e90264f33305004495a9","hash":"47562393849f870c21e19fc3df255dbc2361fbe8"}
,"/home/fonij/Documents/Kalado-Frontend/kalado-client/src/components/Signup/CodeVerification.tsx": {"path":"/home/fonij/Documents/Kalado-Frontend/kalado-client/src/components/Signup/CodeVerification.tsx","statementMap":{"0":{"start":{"line":13,"column":58},"end":{"line":60,"column":1}},"1":{"start":{"line":14,"column":28},"end":{"line":14,"column":40}},"2":{"start":{"line":15,"column":30},"end":{"line":15,"column":42}},"3":{"start":{"line":17,"column":25},"end":{"line":23,"column":5}},"4":{"start":{"line":18,"column":22},"end":{"line":18,"column":40}},"5":{"start":{"line":20,"column":8},"end":{"line":22,"column":9}},"6":{"start":{"line":21,"column":12},"end":{"line":21,"column":27}},"7":{"start":{"line":25,"column":25},"end":{"line":40,"column":5}},"8":{"start":{"line":26,"column":8},"end":{"line":26,"column":27}},"9":{"start":{"line":28,"column":8},"end":{"line":39,"column":9}},"10":{"start":{"line":29,"column":29},"end":{"line":32,"column":14}},"11":{"start":{"line":34,"column":12},"end":{"line":34,"column":67}},"12":{"start":{"line":35,"column":12},"end":{"line":35,"column":22}},"13":{"start":{"line":37,"column":12},"end":{"line":37,"column":56}},"14":{"start":{"line":38,"column":12},"end":{"line":38,"column":56}},"15":{"start":{"line":42,"column":4},"end":{"line":59,"column":6}}},"fnMap":{"0":{"name":"(anonymous_0)","decl":{"start":{"line":13,"column":58},"end":{"line":13,"column":59}},"loc":{"start":{"line":13,"column":82},"end":{"line":60,"column":1}},"line":13},"1":{"name":"(anonymous_1)","decl":{"start":{"line":17,"column":25},"end":{"line":17,"column":26}},"loc":{"start":{"line":17,"column":73},"end":{"line":23,"column":5}},"line":17},"2":{"name":"(anonymous_2)","decl":{"start":{"line":25,"column":25},"end":{"line":25,"column":26}},"loc":{"start":{"line":25,"column":55},"end":{"line":40,"column":5}},"line":25}},"branchMap":{"0":{"loc":{"start":{"line":20,"column":8},"end":{"line":22,"column":9}},"type":"if","locations":[{"start":{"line":20,"column":8},"end":{"line":22,"column":9}},{"start":{},"end":{}}],"line":20},"1":{"loc":{"start":{"line":20,"column":12},"end":{"line":20,"column":52}},"type":"binary-expr","locations":[{"start":{"line":20,"column":12},"end":{"line":20,"column":31}},{"start":{"line":20,"column":35},"end":{"line":20,"column":52}}],"line":20}},"s":{"0":1,"1":0,"2":0,"3":0,"4":0,"5":0,"6":0,"7":0,"8":0,"9":0,"10":0,"11":0,"12":0,"13":0,"14":0,"15":0},"f":{"0":0,"1":0,"2":0},"b":{"0":[0,0],"1":[0,0]},"_coverageSchema":"1a1c01bbd47fc00a2c39e90264f33305004495a9","hash":"ce812a4daf2e9c98b9498bb018a211d4e19d6f76"}
,"/home/fonij/Documents/Kalado-Frontend/kalado-client/src/components/Signup/SignupForm.tsx": {"path":"/home/fonij/Documents/Kalado-Frontend/kalado-client/src/components/Signup/SignupForm.tsx","statementMap":{"0":{"start":{"line":16,"column":46},"end":{"line":109,"column":1}},"1":{"start":{"line":18,"column":34},"end":{"line":26,"column":4}},"2":{"start":{"line":28,"column":23},"end":{"line":34,"column":3}},"3":{"start":{"line":29,"column":28},"end":{"line":29,"column":36}},"4":{"start":{"line":30,"column":4},"end":{"line":33,"column":8}},"5":{"start":{"line":30,"column":29},"end":{"line":33,"column":5}},"6":{"start":{"line":36,"column":23},"end":{"line":46,"column":3}},"7":{"start":{"line":37,"column":4},"end":{"line":37,"column":23}},"8":{"start":{"line":39,"column":4},"end":{"line":45,"column":5}},"9":{"start":{"line":40,"column":23},"end":{"line":40,"column":77}},"10":{"start":{"line":41,"column":6},"end":{"line":41,"column":54}},"11":{"start":{"line":42,"column":6},"end":{"line":42,"column":16}},"12":{"start":{"line":44,"column":6},"end":{"line":44,"column":43}},"13":{"start":{"line":48,"column":2},"end":{"line":108,"column":4}},"14":{"start":{"line":104,"column":63},"end":{"line":104,"column":82}},"15":{"start":{"line":104,"column":83},"end":{"line":104,"column":97}}},"fnMap":{"0":{"name":"(anonymous_0)","decl":{"start":{"line":16,"column":46},"end":{"line":16,"column":47}},"loc":{"start":{"line":16,"column":76},"end":{"line":109,"column":1}},"line":16},"1":{"name":"(anonymous_1)","decl":{"start":{"line":28,"column":23},"end":{"line":28,"column":24}},"loc":{"start":{"line":28,"column":67},"end":{"line":34,"column":3}},"line":28},"2":{"name":"(anonymous_2)","decl":{"start":{"line":30,"column":16},"end":{"line":30,"column":17}},"loc":{"start":{"line":30,"column":29},"end":{"line":33,"column":5}},"line":30},"3":{"name":"(anonymous_3)","decl":{"start":{"line":36,"column":23},"end":{"line":36,"column":24}},"loc":{"start":{"line":36,"column":70},"end":{"line":46,"column":3}},"line":36},"4":{"name":"(anonymous_4)","decl":{"start":{"line":104,"column":54},"end":{"line":104,"column":55}},"loc":{"start":{"line":104,"column":61},"end":{"line":104,"column":99}},"line":104}},"branchMap":{},"s":{"0":1,"1":25,"2":25,"3":21,"4":21,"5":21,"6":25,"7":2,"8":2,"9":2,"10":1,"11":1,"12":1,"13":25,"14":0,"15":0},"f":{"0":25,"1":21,"2":21,"3":2,"4":0},"b":{},"_coverageSchema":"1a1c01bbd47fc00a2c39e90264f33305004495a9","hash":"4b540a6c9b1df8db4ec17182c645ee4601e9e080"}
}
