TN:
SF:src/components/Advertisement/ItemCard.tsx
FN:14,(anonymous_0)
FN:17,(anonymous_1)
FNF:2
FNH:0
FNDA:0,(anonymous_0)
FNDA:0,(anonymous_1)
DA:14,0
DA:15,0
DA:17,0
DA:18,0
DA:21,0
LF:5
LH:0
BRF:0
BRH:0
end_of_record
TN:
SF:src/components/Input/CodeInput.tsx
FN:12,(anonymous_0)
FNF:1
FNH:0
FNDA:0,(anonymous_0)
DA:12,1
DA:13,0
LF:2
LH:1
BRDA:12,0,0,0
BRDA:12,1,0,0
BRDA:12,2,0,0
BRF:3
BRH:0
end_of_record
TN:
SF:src/components/Input/EmailInput.tsx
FN:12,(anonymous_0)
FNF:1
FNH:1
FNDA:25,(anonymous_0)
DA:12,2
DA:19,25
LF:2
LH:2
BRDA:14,0,0,0
BRDA:17,1,0,25
BRF:2
BRH:1
end_of_record
TN:
SF:src/components/Input/NameInput.tsx
FN:12,(anonymous_0)
FNF:1
FNH:1
FNDA:75,(anonymous_0)
DA:12,1
DA:19,75
LF:2
LH:2
BRDA:14,0,0,0
BRDA:17,1,0,0
BRF:2
BRH:0
end_of_record
TN:
SF:src/components/Input/PasswordInput.tsx
FN:13,(anonymous_0)
FN:22,(anonymous_1)
FNF:2
FNH:1
FNDA:50,(anonymous_0)
FNDA:0,(anonymous_1)
DA:13,2
DA:20,50
DA:22,50
DA:23,0
DA:26,50
LF:5
LH:4
BRDA:18,0,0,50
BRDA:29,1,0,0
BRDA:29,1,1,50
BRDA:47,2,0,0
BRDA:47,2,1,50
BRF:5
BRH:3
end_of_record
TN:
SF:src/components/Input/PhoneNumberInput.tsx
FN:12,(anonymous_0)
FNF:1
FNH:1
FNDA:25,(anonymous_0)
DA:12,1
DA:19,25
LF:2
LH:2
BRDA:14,0,0,0
BRDA:17,1,0,25
BRF:2
BRH:1
end_of_record
TN:
SF:src/components/Login/LoginForm.tsx
FN:14,(anonymous_0)
FN:21,(anonymous_1)
FN:23,(anonymous_2)
FN:29,(anonymous_3)
FN:65,(anonymous_4)
FNF:5
FNH:0
FNDA:0,(anonymous_0)
FNDA:0,(anonymous_1)
FNDA:0,(anonymous_2)
FNDA:0,(anonymous_3)
FNDA:0,(anonymous_4)
DA:14,1
DA:16,0
DA:21,0
DA:22,0
DA:23,0
DA:29,0
DA:30,0
DA:32,0
DA:33,0
DA:34,0
DA:35,0
DA:37,0
DA:42,0
DA:65,0
LF:14
LH:1
BRF:0
BRH:0
end_of_record
TN:
SF:src/components/Navbar/Navbar.tsx
FN:9,(anonymous_0)
FNF:1
FNH:1
FNDA:7,(anonymous_0)
DA:9,1
DA:10,7
LF:2
LH:2
BRF:0
BRH:0
end_of_record
TN:
SF:src/components/Signup/CodeVerification.tsx
FN:13,(anonymous_0)
FN:17,(anonymous_1)
FN:25,(anonymous_2)
FNF:3
FNH:0
FNDA:0,(anonymous_0)
FNDA:0,(anonymous_1)
FNDA:0,(anonymous_2)
DA:13,1
DA:14,0
DA:15,0
DA:17,0
DA:18,0
DA:20,0
DA:21,0
DA:25,0
DA:26,0
DA:28,0
DA:29,0
DA:34,0
DA:35,0
DA:37,0
DA:38,0
DA:42,0
LF:16
LH:1
BRDA:20,0,0,0
BRDA:20,0,1,0
BRDA:20,1,0,0
BRDA:20,1,1,0
BRF:4
BRH:0
end_of_record
TN:
SF:src/components/Signup/SignupForm.tsx
FN:16,(anonymous_0)
FN:28,(anonymous_1)
FN:30,(anonymous_2)
FN:36,(anonymous_3)
FN:104,(anonymous_4)
FNF:5
FNH:4
FNDA:25,(anonymous_0)
FNDA:21,(anonymous_1)
FNDA:21,(anonymous_2)
FNDA:2,(anonymous_3)
FNDA:0,(anonymous_4)
DA:16,1
DA:18,25
DA:28,25
DA:29,21
DA:30,21
DA:36,25
DA:37,2
DA:39,2
DA:40,2
DA:41,1
DA:42,1
DA:44,1
DA:48,25
DA:104,0
LF:14
LH:13
BRF:0
BRH:0
end_of_record
